<?xml version="1.0" encoding="UTF-8"?>
<!-- Generated by org.testng.reporters.JUnitReportReporter -->
<testsuite hostname="MYSHEC347928L" failures="0" tests="1" name="com.infy.Popup" time="34.936" errors="0" timestamp="2020-12-02T17:25:12 IST" skipped="0">
  <testcase classname="com.infy.Popup" name="popUpSwitchTest" time="34.936"/>
  <system-out/>
</testsuite> <!-- com.infy.Popup -->
