<?xml version="1.0" encoding="UTF-8"?>
<!-- Generated by org.testng.reporters.JUnitReportReporter -->
<testsuite hostname="MYSHEC347928L" failures="0" tests="1" name="com.infy.ReadProperties" time="16.727" errors="0" timestamp="2020-12-04T09:08:23 IST" skipped="0">
  <testcase classname="com.infy.ReadProperties" name="readPropertiesTest" time="16.727"/>
  <system-out/>
</testsuite> <!-- com.infy.ReadProperties -->
