<?xml version="1.0" encoding="UTF-8"?>
<!-- Generated by org.testng.reporters.JUnitReportReporter -->
<testsuite hostname="MYSHEC347928L" failures="0" tests="1" name="com.infy.TextInput" time="9.453" errors="0" timestamp="2020-12-04T09:11:20 IST" skipped="0">
  <testcase classname="com.infy.TextInput" name="textInputTest" time="9.453"/>
  <system-out/>
</testsuite> <!-- com.infy.TextInput -->
