<?xml version="1.0" encoding="UTF-8"?>
<!-- Generated by org.testng.reporters.JUnitReportReporter -->
<testsuite hostname="MYSHEC347928L" failures="0" tests="1" name="com.infy.Popup" time="37.884" errors="0" timestamp="2020-12-04T09:07:48 IST" skipped="0">
  <testcase classname="com.infy.Popup" name="popUpSwitchTest" time="37.884"/>
  <system-out/>
</testsuite> <!-- com.infy.Popup -->
