<?xml version="1.0" encoding="UTF-8"?>
<!-- Generated by org.testng.reporters.JUnitReportReporter -->
<testsuite hostname="MYSHEC347928L" failures="0" tests="1" name="com.infy.BrowserSize" time="32.213" errors="0" timestamp="2020-12-02T11:02:54 IST" skipped="0">
  <testcase classname="com.infy.BrowserSize" name="browserSizeTest" time="32.213"/>
  <system-out/>
</testsuite> <!-- com.infy.BrowserSize -->
