<?xml version="1.0" encoding="UTF-8"?>
<!-- Generated by org.testng.reporters.JUnitReportReporter -->
<testsuite hostname="MYSHEC347928L" failures="0" tests="3" name="com.infy1.DataProvider1" time="7.823" errors="0" timestamp="2020-12-04T09:28:44 IST" skipped="0">
  <testcase classname="com.infy1.DataProvider1" name="dataTest" time="2.353"/>
  <system-out/>
  <testcase classname="com.infy1.DataProvider1" name="dataTest" time="2.369"/>
  <system-out/>
  <testcase classname="com.infy1.DataProvider1" name="dataTest" time="3.101"/>
  <system-out/>
</testsuite> <!-- com.infy1.DataProvider1 -->
