<?xml version="1.0" encoding="UTF-8"?>
<!-- Generated by org.testng.reporters.JUnitReportReporter -->
<testsuite hostname="MYSHEC347928L" failures="0" tests="1" name="com.infy2.GoogleAccountCreation" time="24.083" errors="0" timestamp="2020-12-04T09:47:06 IST" skipped="0">
  <testcase classname="com.infy2.GoogleAccountCreation" name="test" time="24.083"/>
  <system-out/>
</testsuite> <!-- com.infy2.GoogleAccountCreation -->
