<?xml version="1.0" encoding="UTF-8"?>
<!-- Generated by org.testng.reporters.JUnitReportReporter -->
<testsuite hostname="MYSHEC347928L" failures="0" tests="1" name="com.infy.DragDrop" time="16.429" errors="0" timestamp="2020-12-04T09:02:34 IST" skipped="0">
  <testcase classname="com.infy.DragDrop" name="dragDropTest" time="16.429"/>
  <system-out/>
</testsuite> <!-- com.infy.DragDrop -->
