<?xml version="1.0" encoding="UTF-8"?>
<!-- Generated by org.testng.reporters.JUnitReportReporter -->
<testsuite hostname="MYSHEC347928L" failures="0" tests="1" name="com.infy1.ExtentReportGeneration" time="10.573" errors="0" timestamp="2020-12-04T09:20:04 IST" skipped="0">
  <testcase classname="com.infy1.ExtentReportGeneration" name="extentReportTest" time="10.573"/>
  <system-out/>
</testsuite> <!-- com.infy1.ExtentReportGeneration -->
