<?xml version="1.0" encoding="UTF-8"?>
<!-- Generated by org.testng.reporters.JUnitReportReporter -->
<testsuite hostname="MYSHEC347928L" failures="0" tests="1" name="com.infy.ReadProperties" time="11.633" errors="0" timestamp="2020-12-02T17:48:05 IST" skipped="0">
  <testcase classname="com.infy.ReadProperties" name="readPropertiesTest" time="11.633"/>
  <system-out/>
</testsuite> <!-- com.infy.ReadProperties -->
