<?xml version="1.0" encoding="UTF-8"?>
<!-- Generated by org.testng.reporters.JUnitReportReporter -->
<testsuite hostname="MYSHEC347928L" failures="0" tests="1" name="com.infy.BrokenLinks" time="18.488" errors="0" timestamp="2020-12-02T21:56:35 IST" skipped="0">
  <testcase classname="com.infy.BrokenLinks" name="brokenLinksTest" time="18.488"/>
  <system-out/>
</testsuite> <!-- com.infy.BrokenLinks -->
