<?xml version="1.0" encoding="UTF-8"?>
<!-- Generated by org.testng.reporters.JUnitReportReporter -->
<testsuite hostname="MYSHEC347928L" failures="0" tests="1" name="com.infy2.SwitchingTabs" time="13.335" errors="0" timestamp="2020-12-03T13:48:53 IST" skipped="0">
  <testcase classname="com.infy2.SwitchingTabs" name="switchTabs" time="13.335"/>
  <system-out/>
</testsuite> <!-- com.infy2.SwitchingTabs -->
