<?xml version="1.0" encoding="UTF-8"?>
<!-- Generated by org.testng.reporters.JUnitReportReporter -->
<testsuite hostname="MYSHEC347928L" failures="0" tests="1" name="com.infy.Popup" time="35.954" errors="0" timestamp="2020-12-02T15:35:35 IST" skipped="0">
  <testcase classname="com.infy.Popup" name="popUpSwitchTest" time="35.954"/>
  <system-out/>
</testsuite> <!-- com.infy.Popup -->
