<?xml version="1.0" encoding="UTF-8"?>
<!-- Generated by org.testng.reporters.JUnitReportReporter -->
<testsuite hostname="MYSHEC347928L" failures="0" tests="1" name="com.infy.Scrollpage" time="70.077" errors="0" timestamp="2020-12-04T09:00:10 IST" skipped="0">
  <testcase classname="com.infy.Scrollpage" name="scrollWebPage" time="70.077"/>
  <system-out/>
</testsuite> <!-- com.infy.Scrollpage -->
