<?xml version="1.0" encoding="UTF-8"?>
<!-- Generated by org.testng.reporters.JUnitReportReporter -->
<testsuite hostname="MYSHEC347928L" failures="0" tests="1" name="com.infy.SeleniumAssign1" time="0.013" errors="0" timestamp="2020-12-01T10:40:56 IST" skipped="0">
  <testcase classname="com.infy.SeleniumAssign1" name="test" time="0.013"/>
  <system-out/>
</testsuite> <!-- com.infy.SeleniumAssign1 -->
