<?xml version="1.0" encoding="UTF-8"?>
<!-- Generated by org.testng.reporters.JUnitReportReporter -->
<testsuite hostname="MYSHEC347928L" failures="0" tests="3" name="com.infy1.DataProvider1" time="9.114" errors="0" timestamp="2020-12-03T12:23:39 IST" skipped="0">
  <testcase classname="com.infy1.DataProvider1" name="dataTest" time="2.829"/>
  <system-out/>
  <testcase classname="com.infy1.DataProvider1" name="dataTest" time="3.291"/>
  <system-out/>
  <testcase classname="com.infy1.DataProvider1" name="dataTest" time="2.994"/>
  <system-out/>
</testsuite> <!-- com.infy1.DataProvider1 -->
