<?xml version="1.0" encoding="UTF-8"?>
<!-- Generated by org.testng.reporters.JUnitReportReporter -->
<testsuite hostname="MYSHEC347928L" failures="0" tests="1" name="com.infy.Scrollpage" time="48.199" errors="0" timestamp="2020-12-02T17:31:21 IST" skipped="0">
  <testcase classname="com.infy.Scrollpage" name="scrollWebPage" time="48.199"/>
  <system-out/>
</testsuite> <!-- com.infy.Scrollpage -->
