<?xml version="1.0" encoding="UTF-8"?>
<!-- Generated by org.testng.reporters.JUnitReportReporter -->
<testsuite hostname="MYSHEC347928L" failures="0" tests="1" name="com.infy.BrokenLinks" time="21.679" errors="0" timestamp="2020-12-02T16:14:49 IST" skipped="0">
  <testcase classname="com.infy.BrokenLinks" name="brokenLinksTest" time="21.679"/>
  <system-out/>
</testsuite> <!-- com.infy.BrokenLinks -->
