<?xml version="1.0" encoding="UTF-8"?>
<!-- Generated by org.testng.reporters.JUnitReportReporter -->
<testsuite hostname="MYSHEC347928L" failures="0" tests="1" name="com.infy.BrowserSize" time="50.187" errors="0" timestamp="2020-12-02T17:36:42 IST" skipped="0">
  <testcase classname="com.infy.BrowserSize" name="browserSizeTest" time="50.187"/>
  <system-out/>
</testsuite> <!-- com.infy.BrowserSize -->
