<?xml version="1.0" encoding="UTF-8"?>
<!-- Generated by org.testng.reporters.JUnitReportReporter -->
<testsuite hostname="MYSHEC347928L" failures="0" tests="1" name="com.infy.googleSearch" time="17.002" errors="0" timestamp="2020-12-04T09:06:52 IST" skipped="0">
  <testcase classname="com.infy.googleSearch" name="resizeGoogleTest" time="17.002"/>
  <system-out/>
</testsuite> <!-- com.infy.googleSearch -->
