<?xml version="1.0" encoding="UTF-8"?>
<!-- Generated by org.testng.reporters.JUnitReportReporter -->
<testsuite hostname="MYSHEC347928L" failures="0" tests="1" name="com.infy.TextInput" time="9.084" errors="0" timestamp="2020-12-02T17:42:18 IST" skipped="0">
  <testcase classname="com.infy.TextInput" name="textInputTest" time="9.084"/>
  <system-out/>
</testsuite> <!-- com.infy.TextInput -->
