<?xml version="1.0" encoding="UTF-8"?>
<!-- Generated by org.testng.reporters.JUnitReportReporter -->
<testsuite hostname="MYSHEC347928L" failures="0" tests="1" name="com.infy.ReadProperty" time="4.843" errors="0" timestamp="2020-12-02T13:06:31 IST" skipped="0">
  <testcase classname="com.infy.ReadProperty" name="readPropertyFileTest" time="4.843"/>
  <system-out/>
</testsuite> <!-- com.infy.ReadProperty -->
