<?xml version="1.0" encoding="UTF-8"?>
<!-- Generated by org.testng.reporters.JUnitReportReporter -->
<testsuite hostname="MYSHEC347928L" failures="0" tests="1" name="com.infy.Scrollpage" time="36.664" errors="0" timestamp="2020-12-01T23:01:21 IST" skipped="0">
  <testcase classname="com.infy.Scrollpage" name="scrollWebPage" time="36.664"/>
  <system-out/>
</testsuite> <!-- com.infy.Scrollpage -->
