<?xml version="1.0" encoding="UTF-8"?>
<!-- Generated by org.testng.reporters.JUnitReportReporter -->
<testsuite hostname="MYSHEC347928L" failures="0" tests="1" name="com.infy.BrowserSize" time="12.044" errors="0" timestamp="2020-12-04T09:00:55 IST" skipped="0">
  <testcase classname="com.infy.BrowserSize" name="browserSizeTest" time="12.044"/>
  <system-out/>
</testsuite> <!-- com.infy.BrowserSize -->
