<?xml version="1.0" encoding="UTF-8"?>
<!-- Generated by org.testng.reporters.JUnitReportReporter -->
<testsuite hostname="MYSHEC347928L" failures="0" tests="1" name="com.infy2.SwitchingTabs" time="26.032" errors="0" timestamp="2020-12-04T10:27:54 IST" skipped="0">
  <testcase classname="com.infy2.SwitchingTabs" name="switchTabs" time="26.032"/>
  <system-out/>
</testsuite> <!-- com.infy2.SwitchingTabs -->
