<?xml version="1.0" encoding="UTF-8"?>
<!-- Generated by org.testng.reporters.JUnitReportReporter -->
<testsuite hostname="MYSHEC347928L" failures="0" tests="1" name="com.infy.DragDrop" time="12.346" errors="0" timestamp="2020-12-02T15:51:26 IST" skipped="0">
  <testcase classname="com.infy.DragDrop" name="dragDropTest" time="12.346"/>
  <system-out/>
</testsuite> <!-- com.infy.DragDrop -->
