<?xml version="1.0" encoding="UTF-8"?>
<!-- Generated by org.testng.reporters.JUnitReportReporter -->
<testsuite hostname="MYSHEC347928L" failures="0" tests="1" name="com.infy.BrokenLinks" time="26.698" errors="0" timestamp="2020-12-04T08:58:15 IST" skipped="0">
  <testcase classname="com.infy.BrokenLinks" name="brokenLinksTest" time="26.698"/>
  <system-out/>
</testsuite> <!-- com.infy.BrokenLinks -->
