<?xml version="1.0" encoding="UTF-8"?>
<!-- Generated by org.testng.reporters.JUnitReportReporter -->
<testsuite hostname="MYSHEC347928L" failures="0" tests="1" name="com.infy.TextInput" time="10.798" errors="0" timestamp="2020-12-02T15:29:49 IST" skipped="0">
  <testcase classname="com.infy.TextInput" name="textInputTest" time="10.798"/>
  <system-out/>
</testsuite> <!-- com.infy.TextInput -->
