<?xml version="1.0" encoding="UTF-8"?>
<!-- Generated by org.testng.reporters.JUnitReportReporter -->
<testsuite hostname="MYSHEC347928L" failures="0" tests="1" name="com.infy.googleSearch" time="8.582" errors="0" timestamp="2020-12-02T00:03:58 IST" skipped="0">
  <testcase classname="com.infy.googleSearch" name="resizeGoogleTest" time="8.582"/>
  <system-out/>
</testsuite> <!-- com.infy.googleSearch -->
