<?xml version="1.0" encoding="UTF-8"?>
<!-- Generated by org.testng.reporters.JUnitReportReporter -->
<testsuite hostname="MYSHEC347928L" failures="0" tests="1" name="com.infy1.ExtentReportGeneration" time="7.295" errors="0" timestamp="2020-12-03T13:15:09 IST" skipped="0">
  <testcase classname="com.infy1.ExtentReportGeneration" name="extentReportTest" time="7.295"/>
  <system-out/>
</testsuite> <!-- com.infy1.ExtentReportGeneration -->
