<?xml version="1.0" encoding="UTF-8"?>
<!-- Generated by org.testng.reporters.JUnitReportReporter -->
<testsuite hostname="MYSHEC347928L" failures="0" tests="1" name="com.infy2.FileReading" time="1.329" errors="0" timestamp="2020-12-04T09:35:13 IST" skipped="0">
  <testcase classname="com.infy2.FileReading" name="test" time="1.329"/>
  <system-out/>
</testsuite> <!-- com.infy2.FileReading -->
