<?xml version="1.0" encoding="UTF-8"?>
<!-- Generated by org.testng.reporters.JUnitReportReporter -->
<testsuite hostname="MYSHEC347928L" failures="0" tests="1" name="com.infy2.GoogleAccountCreation" time="20.591" errors="0" timestamp="2020-12-03T12:56:40 IST" skipped="0">
  <testcase classname="com.infy2.GoogleAccountCreation" name="test" time="20.591"/>
  <system-out/>
</testsuite> <!-- com.infy2.GoogleAccountCreation -->
